This file contains any messages produced by compilers while
running configure, to aid debugging if configure makes a mistake.

It was created by opencl-apps configure 0, which was
generated by GNU Autoconf 2.63.  Invocation command line was

  $ ../configure 

## --------- ##
## Platform. ##
## --------- ##

hostname = sdonof
uname -m = x86_64
uname -r = 2.6.32-279.19.1.el6.x86_64
uname -s = Linux
uname -v = #1 SMP Sat Nov 24 14:35:28 EST 2012

/usr/bin/uname -p = unknown
/bin/uname -X     = unknown

/bin/arch              = x86_64
/usr/bin/arch -k       = unknown
/usr/convex/getsysinfo = unknown
/usr/bin/hostinfo      = unknown
/bin/machine           = unknown
/usr/bin/oslevel       = unknown
/bin/universe          = unknown

PATH: /usr/lib64/qt-3.3/bin
PATH: /usr/NX/bin
PATH: /usr/local/bin
PATH: /usr/bin
PATH: /bin
PATH: /usr/local/sbin
PATH: /usr/sbin
PATH: /sbin
PATH: /opt/ibm/c4eb/bin
PATH: /home/tjkenney/bin
PATH: /usr/kerberos/bin


## ----------- ##
## Core tests. ##
## ----------- ##

configure:2225: checking for a BSD-compatible install
configure:2293: result: /usr/bin/install -c
configure:2304: checking whether build environment is sane
configure:2364: result: yes
configure:2505: checking for a thread-safe mkdir -p
configure:2544: result: /bin/mkdir -p
configure:2557: checking for gawk
configure:2573: found /usr/bin/gawk
configure:2584: result: gawk
configure:2595: checking whether make sets $(MAKE)
configure:2617: result: yes
configure:2782: checking build system type
configure:2800: result: x86_64-unknown-linux-gnu
configure:2822: checking host system type
configure:2837: result: x86_64-unknown-linux-gnu
configure:2871: checking for style of include used by make
configure:2899: result: GNU
configure:2969: checking for gcc
configure:2985: found /usr/bin/gcc
configure:2996: result: gcc
configure:3228: checking for C compiler version
configure:3236: gcc --version >&5
gcc (GCC) 4.4.6 20120305 (Red Hat 4.4.6-4)
Copyright (C) 2010 Free Software Foundation, Inc.
This is free software; see the source for copying conditions.  There is NO
warranty; not even for MERCHANTABILITY or FITNESS FOR A PARTICULAR PURPOSE.

configure:3240: $? = 0
configure:3247: gcc -v >&5
Using built-in specs.
Target: x86_64-redhat-linux
Configured with: ../configure --prefix=/usr --mandir=/usr/share/man --infodir=/usr/share/info --with-bugurl=http://bugzilla.redhat.com/bugzilla --enable-bootstrap --enable-shared --enable-threads=posix --enable-checking=release --with-system-zlib --enable-__cxa_atexit --disable-libunwind-exceptions --enable-gnu-unique-object --enable-languages=c,c++,objc,obj-c++,java,fortran,ada --enable-java-awt=gtk --disable-dssi --with-java-home=/usr/lib/jvm/java-1.5.0-gcj-1.5.0.0/jre --enable-libgcj-multifile --enable-java-maintainer-mode --with-ecj-jar=/usr/share/java/eclipse-ecj.jar --disable-libjava-multilib --with-ppl --with-cloog --with-tune=generic --with-arch_32=i686 --build=x86_64-redhat-linux
Thread model: posix
gcc version 4.4.6 20120305 (Red Hat 4.4.6-4) (GCC) 
configure:3251: $? = 0
configure:3258: gcc -V >&5
gcc: '-V' option must have argument
configure:3262: $? = 1
configure:3285: checking for C compiler default output file name
configure:3307: gcc    conftest.c  >&5
configure:3311: $? = 0
configure:3349: result: a.out
configure:3368: checking whether the C compiler works
configure:3378: ./a.out
configure:3382: $? = 0
configure:3401: result: yes
configure:3408: checking whether we are cross compiling
configure:3410: result: no
configure:3413: checking for suffix of executables
configure:3420: gcc -o conftest    conftest.c  >&5
configure:3424: $? = 0
configure:3450: result: 
configure:3456: checking for suffix of object files
configure:3482: gcc -c   conftest.c >&5
configure:3486: $? = 0
configure:3511: result: o
configure:3515: checking whether we are using the GNU C compiler
configure:3544: gcc -c   conftest.c >&5
configure:3551: $? = 0
configure:3568: result: yes
configure:3577: checking whether gcc accepts -g
configure:3607: gcc -c -g  conftest.c >&5
configure:3614: $? = 0
configure:3715: result: yes
configure:3732: checking for gcc option to accept ISO C89
configure:3806: gcc  -c -g -O2  conftest.c >&5
configure:3813: $? = 0
configure:3836: result: none needed
configure:3856: checking dependency style of gcc
configure:3966: result: gcc3
configure:3981: checking for a sed that does not truncate output
configure:4047: result: /bin/sed
configure:4065: checking for grep that handles long lines and -e
configure:4125: result: /bin/grep
configure:4130: checking for egrep
configure:4194: result: /bin/grep -E
configure:4199: checking for fgrep
configure:4263: result: /bin/grep -F
configure:4298: checking for ld used by gcc
configure:4365: result: /usr/bin/ld
configure:4374: checking if the linker (/usr/bin/ld) is GNU ld
configure:4389: result: yes
configure:4401: checking for BSD- or MS-compatible name lister (nm)
configure:4450: result: /usr/bin/nm -B
configure:4568: checking the name lister (/usr/bin/nm -B) interface
configure:4575: gcc -c -g -O2  conftest.c >&5
configure:4578: /usr/bin/nm -B "conftest.o"
configure:4581: output
0000000000000000 B some_variable
configure:4588: result: BSD nm
configure:4591: checking whether ln -s works
configure:4595: result: yes
configure:4603: checking the maximum length of command line arguments
configure:4723: result: 1966080
configure:4740: checking whether the shell understands some XSI constructs
configure:4750: result: yes
configure:4754: checking whether the shell understands "+="
configure:4760: result: yes
configure:4795: checking for /usr/bin/ld option to reload object files
configure:4802: result: -r
configure:4871: checking for objdump
configure:4887: found /usr/bin/objdump
configure:4898: result: objdump
configure:4930: checking how to recognize dependent libraries
configure:5126: result: pass_all
configure:5186: checking for ar
configure:5202: found /usr/bin/ar
configure:5213: result: ar
configure:5291: checking for strip
configure:5307: found /usr/bin/strip
configure:5318: result: strip
configure:5390: checking for ranlib
configure:5406: found /usr/bin/ranlib
configure:5417: result: ranlib
configure:5507: checking command to parse /usr/bin/nm -B output from gcc object
configure:5625: gcc -c -g -O2  conftest.c >&5
configure:5628: $? = 0
configure:5632: /usr/bin/nm -B conftest.o \| sed -n -e 's/^.*[	 ]\([ABCDGIRSTW][ABCDGIRSTW]*\)[	 ][	 ]*\([_A-Za-z][_A-Za-z0-9]*\)$/\1 \2 \2/p' \> conftest.nm
configure:5635: $? = 0
configure:5689: gcc -o conftest -g -O2   conftest.c conftstm.o >&5
configure:5692: $? = 0
configure:5730: result: ok
configure:5826: gcc -c -g -O2  conftest.c >&5
configure:5829: $? = 0
configure:6597: checking how to run the C preprocessor
configure:6637: gcc -E  conftest.c
configure:6644: $? = 0
configure:6675: gcc -E  conftest.c
conftest.c:10:28: error: ac_nonexistent.h: No such file or directory
configure:6682: $? = 1
configure: failed program was:
| /* confdefs.h.  */
| #define PACKAGE_NAME "opencl-apps"
| #define PACKAGE_TARNAME "opencl-apps"
| #define PACKAGE_VERSION "0"
| #define PACKAGE_STRING "opencl-apps 0"
| #define PACKAGE_BUGREPORT ""
| #define PACKAGE "opencl-apps"
| #define VERSION "0"
| /* end confdefs.h.  */
| #include <ac_nonexistent.h>
configure:6715: result: gcc -E
configure:6744: gcc -E  conftest.c
configure:6751: $? = 0
configure:6782: gcc -E  conftest.c
conftest.c:10:28: error: ac_nonexistent.h: No such file or directory
configure:6789: $? = 1
configure: failed program was:
| /* confdefs.h.  */
| #define PACKAGE_NAME "opencl-apps"
| #define PACKAGE_TARNAME "opencl-apps"
| #define PACKAGE_VERSION "0"
| #define PACKAGE_STRING "opencl-apps 0"
| #define PACKAGE_BUGREPORT ""
| #define PACKAGE "opencl-apps"
| #define VERSION "0"
| /* end confdefs.h.  */
| #include <ac_nonexistent.h>
configure:6829: checking for ANSI C header files
configure:6859: gcc -c -g -O2  conftest.c >&5
configure:6866: $? = 0
configure:6965: gcc -o conftest -g -O2   conftest.c  >&5
configure:6969: $? = 0
configure:6975: ./conftest
configure:6979: $? = 0
configure:6997: result: yes
configure:7021: checking for sys/types.h
configure:7042: gcc -c -g -O2  conftest.c >&5
configure:7049: $? = 0
configure:7066: result: yes
configure:7021: checking for sys/stat.h
configure:7042: gcc -c -g -O2  conftest.c >&5
configure:7049: $? = 0
configure:7066: result: yes
configure:7021: checking for stdlib.h
configure:7042: gcc -c -g -O2  conftest.c >&5
configure:7049: $? = 0
configure:7066: result: yes
configure:7021: checking for string.h
configure:7042: gcc -c -g -O2  conftest.c >&5
configure:7049: $? = 0
configure:7066: result: yes
configure:7021: checking for memory.h
configure:7042: gcc -c -g -O2  conftest.c >&5
configure:7049: $? = 0
configure:7066: result: yes
configure:7021: checking for strings.h
configure:7042: gcc -c -g -O2  conftest.c >&5
configure:7049: $? = 0
configure:7066: result: yes
configure:7021: checking for inttypes.h
configure:7042: gcc -c -g -O2  conftest.c >&5
configure:7049: $? = 0
configure:7066: result: yes
configure:7021: checking for stdint.h
configure:7042: gcc -c -g -O2  conftest.c >&5
configure:7049: $? = 0
configure:7066: result: yes
configure:7021: checking for unistd.h
configure:7042: gcc -c -g -O2  conftest.c >&5
configure:7049: $? = 0
configure:7066: result: yes
configure:7084: checking for dlfcn.h
configure:7105: gcc -c -g -O2  conftest.c >&5
configure:7112: $? = 0
configure:7129: result: yes
configure:7315: checking for objdir
configure:7330: result: .libs
configure:7626: checking if gcc supports -fno-rtti -fno-exceptions
configure:7644: gcc -c -g -O2  -fno-rtti -fno-exceptions conftest.c >&5
cc1: warning: command line option "-fno-rtti" is valid for C++/ObjC++ but not for C
configure:7648: $? = 0
configure:7661: result: no
configure:7681: checking for gcc option to produce PIC
configure:7953: result: -fPIC -DPIC
configure:7965: checking if gcc PIC flag -fPIC -DPIC works
configure:7983: gcc -c -g -O2  -fPIC -DPIC -DPIC conftest.c >&5
configure:7987: $? = 0
configure:8000: result: yes
configure:8024: checking if gcc static flag -static works
configure:8052: result: yes
configure:8067: checking if gcc supports -c -o file.o
configure:8088: gcc -c -g -O2  -o out/conftest2.o conftest.c >&5
configure:8092: $? = 0
configure:8114: result: yes
configure:8122: checking if gcc supports -c -o file.o
configure:8169: result: yes
configure:8202: checking whether the gcc linker (/usr/bin/ld -m elf_x86_64) supports shared libraries
configure:9276: result: yes
configure:9313: checking whether -lc should be explicitly linked in
configure:9318: gcc -c -g -O2  conftest.c >&5
configure:9321: $? = 0
configure:9336: gcc -shared conftest.o  -v -Wl,-soname -Wl,conftest -o conftest 2\>\&1 \| /bin/grep  -lc  \>/dev/null 2\>\&1
configure:9339: $? = 0
configure:9351: result: no
configure:9515: checking dynamic linker characteristics
configure:9958: gcc -o conftest -g -O2   -Wl,-rpath -Wl,/foo conftest.c  >&5
configure:9965: $? = 0
configure:10201: result: GNU/Linux ld.so
configure:10303: checking how to hardcode library paths into programs
configure:10328: result: immediate
configure:11161: checking whether stripping libraries is possible
configure:11166: result: yes
configure:11201: checking if libtool supports shared libraries
configure:11203: result: yes
configure:11206: checking whether to build shared libraries
configure:11227: result: yes
configure:11230: checking whether to build static libraries
configure:11234: result: yes
configure:11474: checking for C compiler version
configure:11482: gcc --version >&5
gcc (GCC) 4.4.6 20120305 (Red Hat 4.4.6-4)
Copyright (C) 2010 Free Software Foundation, Inc.
This is free software; see the source for copying conditions.  There is NO
warranty; not even for MERCHANTABILITY or FITNESS FOR A PARTICULAR PURPOSE.

configure:11486: $? = 0
configure:11493: gcc -v >&5
Using built-in specs.
Target: x86_64-redhat-linux
Configured with: ../configure --prefix=/usr --mandir=/usr/share/man --infodir=/usr/share/info --with-bugurl=http://bugzilla.redhat.com/bugzilla --enable-bootstrap --enable-shared --enable-threads=posix --enable-checking=release --with-system-zlib --enable-__cxa_atexit --disable-libunwind-exceptions --enable-gnu-unique-object --enable-languages=c,c++,objc,obj-c++,java,fortran,ada --enable-java-awt=gtk --disable-dssi --with-java-home=/usr/lib/jvm/java-1.5.0-gcj-1.5.0.0/jre --enable-libgcj-multifile --enable-java-maintainer-mode --with-ecj-jar=/usr/share/java/eclipse-ecj.jar --disable-libjava-multilib --with-ppl --with-cloog --with-tune=generic --with-arch_32=i686 --build=x86_64-redhat-linux
Thread model: posix
gcc version 4.4.6 20120305 (Red Hat 4.4.6-4) (GCC) 
configure:11497: $? = 0
configure:11504: gcc -V >&5
gcc: '-V' option must have argument
configure:11508: $? = 1
configure:11511: checking whether we are using the GNU C compiler
configure:11564: result: yes
configure:11573: checking whether gcc accepts -g
configure:11711: result: yes
configure:11728: checking for gcc option to accept ISO C89
configure:11832: result: none needed
configure:11852: checking dependency style of gcc
configure:11962: result: gcc3
configure:12075: checking for g++
configure:12091: found /usr/bin/g++
configure:12102: result: g++
configure:12129: checking for C++ compiler version
configure:12137: g++ --version >&5
g++ (GCC) 4.4.6 20120305 (Red Hat 4.4.6-4)
Copyright (C) 2010 Free Software Foundation, Inc.
This is free software; see the source for copying conditions.  There is NO
warranty; not even for MERCHANTABILITY or FITNESS FOR A PARTICULAR PURPOSE.

configure:12141: $? = 0
configure:12148: g++ -v >&5
Using built-in specs.
Target: x86_64-redhat-linux
Configured with: ../configure --prefix=/usr --mandir=/usr/share/man --infodir=/usr/share/info --with-bugurl=http://bugzilla.redhat.com/bugzilla --enable-bootstrap --enable-shared --enable-threads=posix --enable-checking=release --with-system-zlib --enable-__cxa_atexit --disable-libunwind-exceptions --enable-gnu-unique-object --enable-languages=c,c++,objc,obj-c++,java,fortran,ada --enable-java-awt=gtk --disable-dssi --with-java-home=/usr/lib/jvm/java-1.5.0-gcj-1.5.0.0/jre --enable-libgcj-multifile --enable-java-maintainer-mode --with-ecj-jar=/usr/share/java/eclipse-ecj.jar --disable-libjava-multilib --with-ppl --with-cloog --with-tune=generic --with-arch_32=i686 --build=x86_64-redhat-linux
Thread model: posix
gcc version 4.4.6 20120305 (Red Hat 4.4.6-4) (GCC) 
configure:12152: $? = 0
configure:12159: g++ -V >&5
g++: '-V' option must have argument
configure:12163: $? = 1
configure:12166: checking whether we are using the GNU C++ compiler
configure:12195: g++ -c   conftest.cpp >&5
configure:12202: $? = 0
configure:12219: result: yes
configure:12228: checking whether g++ accepts -g
configure:12258: g++ -c -g  conftest.cpp >&5
configure:12265: $? = 0
configure:12366: result: yes
configure:12391: checking dependency style of g++
configure:12501: result: gcc3
configure:12524: checking how to run the C++ preprocessor
configure:12560: g++ -E  conftest.cpp
configure:12567: $? = 0
configure:12598: g++ -E  conftest.cpp
conftest.cpp:22:28: error: ac_nonexistent.h: No such file or directory
configure:12605: $? = 1
configure: failed program was:
| /* confdefs.h.  */
| #define PACKAGE_NAME "opencl-apps"
| #define PACKAGE_TARNAME "opencl-apps"
| #define PACKAGE_VERSION "0"
| #define PACKAGE_STRING "opencl-apps 0"
| #define PACKAGE_BUGREPORT ""
| #define PACKAGE "opencl-apps"
| #define VERSION "0"
| #define STDC_HEADERS 1
| #define HAVE_SYS_TYPES_H 1
| #define HAVE_SYS_STAT_H 1
| #define HAVE_STDLIB_H 1
| #define HAVE_STRING_H 1
| #define HAVE_MEMORY_H 1
| #define HAVE_STRINGS_H 1
| #define HAVE_INTTYPES_H 1
| #define HAVE_STDINT_H 1
| #define HAVE_UNISTD_H 1
| #define HAVE_DLFCN_H 1
| #define LT_OBJDIR ".libs/"
| /* end confdefs.h.  */
| #include <ac_nonexistent.h>
configure:12638: result: g++ -E
configure:12667: g++ -E  conftest.cpp
configure:12674: $? = 0
configure:12705: g++ -E  conftest.cpp
conftest.cpp:22:28: error: ac_nonexistent.h: No such file or directory
configure:12712: $? = 1
configure: failed program was:
| /* confdefs.h.  */
| #define PACKAGE_NAME "opencl-apps"
| #define PACKAGE_TARNAME "opencl-apps"
| #define PACKAGE_VERSION "0"
| #define PACKAGE_STRING "opencl-apps 0"
| #define PACKAGE_BUGREPORT ""
| #define PACKAGE "opencl-apps"
| #define VERSION "0"
| #define STDC_HEADERS 1
| #define HAVE_SYS_TYPES_H 1
| #define HAVE_SYS_STAT_H 1
| #define HAVE_STDLIB_H 1
| #define HAVE_STRING_H 1
| #define HAVE_MEMORY_H 1
| #define HAVE_STRINGS_H 1
| #define HAVE_INTTYPES_H 1
| #define HAVE_STDINT_H 1
| #define HAVE_UNISTD_H 1
| #define HAVE_DLFCN_H 1
| #define LT_OBJDIR ".libs/"
| /* end confdefs.h.  */
| #include <ac_nonexistent.h>
configure:12917: checking for C++ compiler version
configure:12925: g++ --version >&5
g++ (GCC) 4.4.6 20120305 (Red Hat 4.4.6-4)
Copyright (C) 2010 Free Software Foundation, Inc.
This is free software; see the source for copying conditions.  There is NO
warranty; not even for MERCHANTABILITY or FITNESS FOR A PARTICULAR PURPOSE.

configure:12929: $? = 0
configure:12936: g++ -v >&5
Using built-in specs.
Target: x86_64-redhat-linux
Configured with: ../configure --prefix=/usr --mandir=/usr/share/man --infodir=/usr/share/info --with-bugurl=http://bugzilla.redhat.com/bugzilla --enable-bootstrap --enable-shared --enable-threads=posix --enable-checking=release --with-system-zlib --enable-__cxa_atexit --disable-libunwind-exceptions --enable-gnu-unique-object --enable-languages=c,c++,objc,obj-c++,java,fortran,ada --enable-java-awt=gtk --disable-dssi --with-java-home=/usr/lib/jvm/java-1.5.0-gcj-1.5.0.0/jre --enable-libgcj-multifile --enable-java-maintainer-mode --with-ecj-jar=/usr/share/java/eclipse-ecj.jar --disable-libjava-multilib --with-ppl --with-cloog --with-tune=generic --with-arch_32=i686 --build=x86_64-redhat-linux
Thread model: posix
gcc version 4.4.6 20120305 (Red Hat 4.4.6-4) (GCC) 
configure:12940: $? = 0
configure:12947: g++ -V >&5
g++: '-V' option must have argument
configure:12951: $? = 1
configure:12954: checking whether we are using the GNU C++ compiler
configure:13007: result: yes
configure:13016: checking whether g++ accepts -g
configure:13154: result: yes
configure:13179: checking dependency style of g++
configure:13289: result: gcc3
configure:13438: checking for ld used by g++
configure:13505: result: /usr/bin/ld -m elf_x86_64
configure:13514: checking if the linker (/usr/bin/ld -m elf_x86_64) is GNU ld
configure:13529: result: yes
configure:13584: checking whether the g++ linker (/usr/bin/ld -m elf_x86_64) supports shared libraries
configure:14559: result: yes
configure:14587: g++ -c   conftest.cpp >&5
configure:14590: $? = 0
configure:14772: checking for g++ option to produce PIC
configure:15089: result: -fPIC -DPIC
configure:15098: checking if g++ PIC flag -fPIC -DPIC works
configure:15116: g++ -c   -fPIC -DPIC -DPIC conftest.cpp >&5
configure:15120: $? = 0
configure:15133: result: yes
configure:15154: checking if g++ static flag -static works
configure:15182: result: yes
configure:15194: checking if g++ supports -c -o file.o
configure:15215: g++ -c   -o out/conftest2.o conftest.cpp >&5
configure:15219: $? = 0
configure:15241: result: yes
configure:15246: checking if g++ supports -c -o file.o
configure:15293: result: yes
configure:15323: checking whether the g++ linker (/usr/bin/ld -m elf_x86_64) supports shared libraries
configure:15349: result: yes
configure:15486: checking dynamic linker characteristics
configure:15877: g++ -o conftest    -Wl,-rpath -Wl,/foo conftest.cpp  >&5
configure:15884: $? = 0
configure:16120: result: GNU/Linux ld.so
configure:16171: checking how to hardcode library paths into programs
configure:16196: result: immediate
configure:16531: checking whether gcc and cc understand -c and -o together
configure:16566: gcc -c conftest.c -o conftest2.o >&5
configure:16570: $? = 0
configure:16576: gcc -c conftest.c -o conftest2.o >&5
configure:16580: $? = 0
configure:16591: cc -c conftest.c >&5
configure:16595: $? = 0
configure:16603: cc -c conftest.c -o conftest2.o >&5
configure:16607: $? = 0
configure:16613: cc -c conftest.c -o conftest2.o >&5
configure:16617: $? = 0
configure:16635: result: yes
configure:16676: checking for a BSD-compatible install
configure:16744: result: /usr/bin/install -c
configure:16755: checking for a thread-safe mkdir -p
configure:16794: result: /bin/mkdir -p
configure:16840: checking for ranlib
configure:16867: result: ranlib
configure:16889: checking for inline
configure:16915: gcc -c    conftest.c >&5
configure:16922: $? = 0
configure:16940: result: inline
configure:16959: checking for an ANSI C-conforming const
configure:17034: gcc -c    conftest.c >&5
configure:17041: $? = 0
configure:17056: result: yes
configure:17066: checking for C/C++ restrict keyword
configure:17101: gcc -c    conftest.c >&5
configure:17108: $? = 0
configure:17126: result: __restrict
configure:17152: checking for variable argument list macro functionality
configure:17178: gcc -o conftest     conftest.c  >&5
configure:17185: $? = 0
configure:17198: result: yes
configure:17216: checking whether __attribute__ allowed
configure:17243: gcc -c    conftest.c >&5
configure:17250: $? = 0
configure:17265: result: yes
configure:17267: checking whether __attribute__((format)) allowed
configure:17294: gcc -c    conftest.c >&5
configure:17301: $? = 0
configure:17316: result: yes
configure:17328: checking whether the compiler defines __func__
configure:17358: gcc -o conftest     conftest.c  >&5
configure:17362: $? = 0
configure:17368: ./conftest
configure:17372: $? = 0
configure:17438: result: yes
configure:17449: checking whether the compiler defines __FUNC__
configure:17479: gcc -o conftest     conftest.c  >&5
conftest.c: In function 'foo':
conftest.c:6: error: '__FUNC__' undeclared (first use in this function)
conftest.c:6: error: (Each undeclared identifier is reported only once
conftest.c:6: error: for each function it appears in.)
configure:17483: $? = 1
configure: program exited with status 1
configure: failed program was:
| 
| #include <string.h>
| int foo(void);
| int foo(void)
| {
|     return (strcmp(__FUNC__, "foo") == 0);
| }
| int main(int argc, char ** argv)
| {
|     return (foo() ? 0 : 1);
| }
| 
configure:17559: result: no
configure:17570: checking whether the compiler sets __FUNCTION__
configure:17600: gcc -o conftest     conftest.c  >&5
configure:17604: $? = 0
configure:17610: ./conftest
configure:17614: $? = 0
configure:17680: result: yes
configure:17843: checking CL/cl.h usability
configure:17860: gcc -c    conftest.c >&5
configure:17867: $? = 0
configure:17881: result: yes
configure:17885: checking CL/cl.h presence
configure:17900: gcc -E  conftest.c
configure:17907: $? = 0
configure:17921: result: yes
configure:17949: checking for CL/cl.h
configure:17956: result: yes
configure:17975: checking OpenCL/OpenCL.h usability
configure:17992: gcc -c    conftest.c >&5
conftest.c:60:27: error: OpenCL/OpenCL.h: No such file or directory
configure:17999: $? = 1
configure: failed program was:
| /* confdefs.h.  */
| #define PACKAGE_NAME "opencl-apps"
| #define PACKAGE_TARNAME "opencl-apps"
| #define PACKAGE_VERSION "0"
| #define PACKAGE_STRING "opencl-apps 0"
| #define PACKAGE_BUGREPORT ""
| #define PACKAGE "opencl-apps"
| #define VERSION "0"
| #define STDC_HEADERS 1
| #define HAVE_SYS_TYPES_H 1
| #define HAVE_SYS_STAT_H 1
| #define HAVE_STDLIB_H 1
| #define HAVE_STRING_H 1
| #define HAVE_MEMORY_H 1
| #define HAVE_STRINGS_H 1
| #define HAVE_INTTYPES_H 1
| #define HAVE_STDINT_H 1
| #define HAVE_UNISTD_H 1
| #define HAVE_DLFCN_H 1
| #define LT_OBJDIR ".libs/"
| #define restrict __restrict
| #define HAVE_MACRO_VA_ARGS 1
| #define HAVE_GCC_ATTRIBUTE 1
| #define HAVE__FUNC__ /**/
| #define HAVE__FUNCTION__ /**/
| /* end confdefs.h.  */
| #include <stdio.h>
| #ifdef HAVE_SYS_TYPES_H
| # include <sys/types.h>
| #endif
| #ifdef HAVE_SYS_STAT_H
| # include <sys/stat.h>
| #endif
| #ifdef STDC_HEADERS
| # include <stdlib.h>
| # include <stddef.h>
| #else
| # ifdef HAVE_STDLIB_H
| #  include <stdlib.h>
| # endif
| #endif
| #ifdef HAVE_STRING_H
| # if !defined STDC_HEADERS && defined HAVE_MEMORY_H
| #  include <memory.h>
| # endif
| # include <string.h>
| #endif
| #ifdef HAVE_STRINGS_H
| # include <strings.h>
| #endif
| #ifdef HAVE_INTTYPES_H
| # include <inttypes.h>
| #endif
| #ifdef HAVE_STDINT_H
| # include <stdint.h>
| #endif
| #ifdef HAVE_UNISTD_H
| # include <unistd.h>
| #endif
| #include <OpenCL/OpenCL.h>
configure:18013: result: no
configure:18017: checking OpenCL/OpenCL.h presence
configure:18032: gcc -E  conftest.c
conftest.c:27:27: error: OpenCL/OpenCL.h: No such file or directory
configure:18039: $? = 1
configure: failed program was:
| /* confdefs.h.  */
| #define PACKAGE_NAME "opencl-apps"
| #define PACKAGE_TARNAME "opencl-apps"
| #define PACKAGE_VERSION "0"
| #define PACKAGE_STRING "opencl-apps 0"
| #define PACKAGE_BUGREPORT ""
| #define PACKAGE "opencl-apps"
| #define VERSION "0"
| #define STDC_HEADERS 1
| #define HAVE_SYS_TYPES_H 1
| #define HAVE_SYS_STAT_H 1
| #define HAVE_STDLIB_H 1
| #define HAVE_STRING_H 1
| #define HAVE_MEMORY_H 1
| #define HAVE_STRINGS_H 1
| #define HAVE_INTTYPES_H 1
| #define HAVE_STDINT_H 1
| #define HAVE_UNISTD_H 1
| #define HAVE_DLFCN_H 1
| #define LT_OBJDIR ".libs/"
| #define restrict __restrict
| #define HAVE_MACRO_VA_ARGS 1
| #define HAVE_GCC_ATTRIBUTE 1
| #define HAVE__FUNC__ /**/
| #define HAVE__FUNCTION__ /**/
| /* end confdefs.h.  */
| #include <OpenCL/OpenCL.h>
configure:18053: result: no
configure:18081: checking for OpenCL/OpenCL.h
configure:18088: result: no
configure:18105: checking for clGetPlatformIDs in -lOpenCL
configure:18140: gcc -o conftest     conftest.c -lOpenCL   >&5
configure:18147: $? = 0
configure:18168: result: yes
LDFLAGS(='') does not contain '-lOpenCL', prepending
LIBS(='') does not contain '-lSDKUtil', appending
configure:18248: checking for SDKSample::initialize in -lSDKUtil
configure:18275: g++ -o conftest   -lOpenCL  conftest.cpp  -lSDKUtil >&5
conftest.cpp:29:26: error: SDKCommon.hpp: No such file or directory
conftest.cpp:30:31: error: SDKApplication.hpp: No such file or directory
conftest.cpp:31:31: error: SDKCommandArgs.hpp: No such file or directory
conftest.cpp:32:24: error: SDKFile.hpp: No such file or directory
conftest.cpp: In function 'int main()':
conftest.cpp:36: error: 'streamsdk' has not been declared
conftest.cpp:36: error: expected ';' before 'x'
configure:18282: $? = 1
configure: failed program was:
| /* confdefs.h.  */
| #define PACKAGE_NAME "opencl-apps"
| #define PACKAGE_TARNAME "opencl-apps"
| #define PACKAGE_VERSION "0"
| #define PACKAGE_STRING "opencl-apps 0"
| #define PACKAGE_BUGREPORT ""
| #define PACKAGE "opencl-apps"
| #define VERSION "0"
| #define STDC_HEADERS 1
| #define HAVE_SYS_TYPES_H 1
| #define HAVE_SYS_STAT_H 1
| #define HAVE_STDLIB_H 1
| #define HAVE_STRING_H 1
| #define HAVE_MEMORY_H 1
| #define HAVE_STRINGS_H 1
| #define HAVE_INTTYPES_H 1
| #define HAVE_STDINT_H 1
| #define HAVE_UNISTD_H 1
| #define HAVE_DLFCN_H 1
| #define LT_OBJDIR ".libs/"
| #define restrict __restrict
| #define HAVE_MACRO_VA_ARGS 1
| #define HAVE_GCC_ATTRIBUTE 1
| #define HAVE__FUNC__ /**/
| #define HAVE__FUNCTION__ /**/
| #define OPENCL_HEADER_CL_CL 1
| /* end confdefs.h.  */
| 
| 	#include <SDKCommon.hpp>
| 	#include <SDKApplication.hpp>
| 	#include <SDKCommandArgs.hpp>
| 	#include <SDKFile.hpp>
| int
| main ()
| {
| streamsdk::Option x;
|   ;
|   return 0;
| }
configure:18301: result: no
configure:18463: result: building applications...  gem nw srad lud kmeans fft swat samplecl crc cfd bfs csr tdm astar
configure:18829: creating ./config.status

## ---------------------- ##
## Running config.status. ##
## ---------------------- ##

This file was extended by opencl-apps config.status 0, which was
generated by GNU Autoconf 2.63.  Invocation command line was

  CONFIG_FILES    = 
  CONFIG_HEADERS  = 
  CONFIG_LINKS    = 
  CONFIG_COMMANDS = 
  $ ./config.status 

on sdonof

config.status:1083: creating Makefile
config.status:1083: creating config.h
config.status:1298: config.h is unchanged
config.status:1350: executing depfiles commands
config.status:1350: executing libtool commands

## ---------------- ##
## Cache variables. ##
## ---------------- ##

ac_cv_build=x86_64-unknown-linux-gnu
ac_cv_c_compiler_gnu=yes
ac_cv_c_const=yes
ac_cv_c_inline=inline
ac_cv_c_restrict=__restrict
ac_cv_cxx_compiler_gnu=yes
ac_cv_env_CCC_set=
ac_cv_env_CCC_value=
ac_cv_env_CC_set=
ac_cv_env_CC_value=
ac_cv_env_CFLAGS_set=
ac_cv_env_CFLAGS_value=
ac_cv_env_CPPFLAGS_set=
ac_cv_env_CPPFLAGS_value=
ac_cv_env_CPP_set=
ac_cv_env_CPP_value=
ac_cv_env_CXXCPP_set=
ac_cv_env_CXXCPP_value=
ac_cv_env_CXXFLAGS_set=
ac_cv_env_CXXFLAGS_value=
ac_cv_env_CXX_set=
ac_cv_env_CXX_value=
ac_cv_env_LDFLAGS_set=
ac_cv_env_LDFLAGS_value=
ac_cv_env_LIBS_set=
ac_cv_env_LIBS_value=
ac_cv_env_build_alias_set=
ac_cv_env_build_alias_value=
ac_cv_env_host_alias_set=
ac_cv_env_host_alias_value=
ac_cv_env_target_alias_set=
ac_cv_env_target_alias_value=
ac_cv_header_CL_cl_h=yes
ac_cv_header_OpenCL_OpenCL_h=no
ac_cv_header_dlfcn_h=yes
ac_cv_header_inttypes_h=yes
ac_cv_header_memory_h=yes
ac_cv_header_stdc=yes
ac_cv_header_stdint_h=yes
ac_cv_header_stdlib_h=yes
ac_cv_header_string_h=yes
ac_cv_header_strings_h=yes
ac_cv_header_sys_stat_h=yes
ac_cv_header_sys_types_h=yes
ac_cv_header_unistd_h=yes
ac_cv_host=x86_64-unknown-linux-gnu
ac_cv_lib_OpenCL_clGetPlatformIDs=yes
ac_cv_objext=o
ac_cv_path_EGREP='/bin/grep -E'
ac_cv_path_FGREP='/bin/grep -F'
ac_cv_path_GREP=/bin/grep
ac_cv_path_SED=/bin/sed
ac_cv_path_install='/usr/bin/install -c'
ac_cv_path_mkdir=/bin/mkdir
ac_cv_prog_AWK=gawk
ac_cv_prog_CPP='gcc -E'
ac_cv_prog_CXXCPP='g++ -E'
ac_cv_prog_ac_ct_AR=ar
ac_cv_prog_ac_ct_CC=gcc
ac_cv_prog_ac_ct_CXX=g++
ac_cv_prog_ac_ct_OBJDUMP=objdump
ac_cv_prog_ac_ct_RANLIB=ranlib
ac_cv_prog_ac_ct_STRIP=strip
ac_cv_prog_cc_c89=
ac_cv_prog_cc_g=yes
ac_cv_prog_cc_gcc_c_o=yes
ac_cv_prog_cxx_g=yes
ac_cv_prog_make_make_set=yes
am_cv_CC_dependencies_compiler_type=gcc3
am_cv_CXX_dependencies_compiler_type=gcc3
lt_cv_deplibs_check_method=pass_all
lt_cv_file_magic_cmd='$MAGIC_CMD'
lt_cv_file_magic_test_file=
lt_cv_ld_reload_flag=-r
lt_cv_nm_interface='BSD nm'
lt_cv_objdir=.libs
lt_cv_path_LD=/usr/bin/ld
lt_cv_path_LDCXX='/usr/bin/ld -m elf_x86_64'
lt_cv_path_NM='/usr/bin/nm -B'
lt_cv_prog_compiler_c_o=yes
lt_cv_prog_compiler_c_o_CXX=yes
lt_cv_prog_compiler_pic_works=yes
lt_cv_prog_compiler_pic_works_CXX=yes
lt_cv_prog_compiler_rtti_exceptions=no
lt_cv_prog_compiler_static_works=yes
lt_cv_prog_compiler_static_works_CXX=yes
lt_cv_prog_gnu_ld=yes
lt_cv_prog_gnu_ldcxx=yes
lt_cv_sys_global_symbol_pipe='sed -n -e '\''s/^.*[	 ]\([ABCDGIRSTW][ABCDGIRSTW]*\)[	 ][	 ]*\([_A-Za-z][_A-Za-z0-9]*\)$/\1 \2 \2/p'\'''
lt_cv_sys_global_symbol_to_c_name_address='sed -n -e '\''s/^: \([^ ]*\) $/  {\"\1\", (void *) 0},/p'\'' -e '\''s/^[ABCDGIRSTW]* \([^ ]*\) \([^ ]*\)$/  {"\2", (void *) \&\2},/p'\'''
lt_cv_sys_global_symbol_to_c_name_address_lib_prefix='sed -n -e '\''s/^: \([^ ]*\) $/  {\"\1\", (void *) 0},/p'\'' -e '\''s/^[ABCDGIRSTW]* \([^ ]*\) \(lib[^ ]*\)$/  {"\2", (void *) \&\2},/p'\'' -e '\''s/^[ABCDGIRSTW]* \([^ ]*\) \([^ ]*\)$/  {"lib\2", (void *) \&\2},/p'\'''
lt_cv_sys_global_symbol_to_cdecl='sed -n -e '\''s/^T .* \(.*\)$/extern int \1();/p'\'' -e '\''s/^[ABCDGIRSTW]* .* \(.*\)$/extern char \1;/p'\'''
lt_cv_sys_max_cmd_len=1966080
pac_cv_gnu_attr_format=yes
pac_cv_gnu_attr_pure=yes
pac_cv_have__func__=yes
pac_cv_have__function__=yes
pac_cv_have_cap__func__=no
pac_cv_my_conf_dir=/home/tjkenney/OpenDwarfs/build

## ----------------- ##
## Output variables. ##
## ----------------- ##

ACLOCAL='${SHELL} /home/tjkenney/OpenDwarfs/m4/missing --run aclocal-1.11'
AMDEPBACKSLASH='\'
AMDEP_FALSE='#'
AMDEP_TRUE=''
AMTAR='${SHELL} /home/tjkenney/OpenDwarfs/m4/missing --run tar'
AM_BACKSLASH='\'
AM_DEFAULT_VERBOSITY='0'
AR='ar'
AUTOCONF='${SHELL} /home/tjkenney/OpenDwarfs/m4/missing --run autoconf'
AUTOHEADER='${SHELL} /home/tjkenney/OpenDwarfs/m4/missing --run autoheader'
AUTOMAKE='${SHELL} /home/tjkenney/OpenDwarfs/m4/missing --run automake-1.11'
AWK='gawk'
CC='gcc'
CCDEPMODE='depmode=gcc3'
CFLAGS=' '
CPP='gcc -E'
CPPFLAGS=''
CXX='g++'
CXXCPP='g++ -E'
CXXDEPMODE='depmode=gcc3'
CXXFLAGS=''
CYGPATH_W='echo'
DEFS='-DHAVE_CONFIG_H'
DEPDIR='.deps'
DSYMUTIL=''
DUMPBIN=''
ECHO_C=''
ECHO_N='-n'
ECHO_T=''
EGREP='/bin/grep -E'
EXEEXT=''
FGREP='/bin/grep -F'
GREP='/bin/grep'
INSTALL_DATA='${INSTALL} -m 644'
INSTALL_PROGRAM='${INSTALL}'
INSTALL_SCRIPT='${INSTALL}'
INSTALL_STRIP_PROGRAM='$(install_sh) -c -s'
LD='/usr/bin/ld -m elf_x86_64'
LDFLAGS='-lOpenCL '
LIBOBJS=''
LIBS=''
LIBTOOL='$(SHELL) $(top_builddir)/libtool'
LIPO=''
LN_S='ln -s'
LTLIBOBJS=''
MAKEINFO='${SHELL} /home/tjkenney/OpenDwarfs/m4/missing --run makeinfo'
MKDIR_P='/bin/mkdir -p'
NM='/usr/bin/nm -B'
NMEDIT=''
OBJDUMP='objdump'
OBJEXT='o'
OPENCL_SDK_PREFIX=''
OTOOL64=''
OTOOL=''
PACKAGE='opencl-apps'
PACKAGE_BUGREPORT=''
PACKAGE_NAME='opencl-apps'
PACKAGE_STRING='opencl-apps 0'
PACKAGE_TARNAME='opencl-apps'
PACKAGE_VERSION='0'
PATH_SEPARATOR=':'
RANLIB='ranlib'
SED='/bin/sed'
SET_MAKE=''
SHELL='/bin/sh'
STRIP='strip'
VERSION='0'
ac_ct_CC='gcc'
ac_ct_CXX='g++'
ac_ct_DUMPBIN=''
am__EXEEXT_FALSE=''
am__EXEEXT_TRUE='#'
am__fastdepCC_FALSE='#'
am__fastdepCC_TRUE=''
am__fastdepCXX_FALSE='#'
am__fastdepCXX_TRUE=''
am__include='include'
am__isrc=' -I$(srcdir)'
am__leading_dot='.'
am__quote=''
am__tar='${AMTAR} chof - "$$tardir"'
am__untar='${AMTAR} xf -'
bindir='${exec_prefix}/bin'
build='x86_64-unknown-linux-gnu'
build_alias=''
build_astar_FALSE='#'
build_astar_TRUE=''
build_bfs_FALSE='#'
build_bfs_TRUE=''
build_cfd_FALSE='#'
build_cfd_TRUE=''
build_cpu='x86_64'
build_crc_FALSE='#'
build_crc_TRUE=''
build_csr_FALSE='#'
build_csr_TRUE=''
build_fft_FALSE='#'
build_fft_TRUE=''
build_gem_FALSE='#'
build_gem_TRUE=''
build_kmeans_FALSE='#'
build_kmeans_TRUE=''
build_lud_FALSE='#'
build_lud_TRUE=''
build_nw_FALSE='#'
build_nw_TRUE=''
build_os='linux-gnu'
build_samplecl_FALSE='#'
build_samplecl_TRUE=''
build_srad_FALSE='#'
build_srad_TRUE=''
build_swat_FALSE='#'
build_swat_TRUE=''
build_tdm_FALSE='#'
build_tdm_TRUE=''
build_vendor='unknown'
datadir='${datarootdir}'
datarootdir='${prefix}/share'
docdir='${datarootdir}/doc/${PACKAGE_TARNAME}'
dvidir='${docdir}'
exec_prefix='${prefix}'
host='x86_64-unknown-linux-gnu'
host_alias=''
host_cpu='x86_64'
host_os='linux-gnu'
host_vendor='unknown'
htmldir='${docdir}'
includedir='${prefix}/include'
infodir='${datarootdir}/info'
install_sh='${SHELL} /home/tjkenney/OpenDwarfs/m4/install-sh'
libdir='${exec_prefix}/lib'
libexecdir='${exec_prefix}/libexec'
localedir='${datarootdir}/locale'
localstatedir='${prefix}/var'
lt_ECHO='echo'
mandir='${datarootdir}/man'
mkdir_p='/bin/mkdir -p'
oldincludedir='/usr/include'
pdfdir='${docdir}'
prefix='/usr/local'
program_transform_name='s,x,x,'
psdir='${docdir}'
sbindir='${exec_prefix}/sbin'
sharedstatedir='${prefix}/com'
sysconfdir='${prefix}/etc'
target_alias=''

## ----------- ##
## confdefs.h. ##
## ----------- ##

#define PACKAGE_NAME "opencl-apps"
#define PACKAGE_TARNAME "opencl-apps"
#define PACKAGE_VERSION "0"
#define PACKAGE_STRING "opencl-apps 0"
#define PACKAGE_BUGREPORT ""
#define PACKAGE "opencl-apps"
#define VERSION "0"
#define STDC_HEADERS 1
#define HAVE_SYS_TYPES_H 1
#define HAVE_SYS_STAT_H 1
#define HAVE_STDLIB_H 1
#define HAVE_STRING_H 1
#define HAVE_MEMORY_H 1
#define HAVE_STRINGS_H 1
#define HAVE_INTTYPES_H 1
#define HAVE_STDINT_H 1
#define HAVE_UNISTD_H 1
#define HAVE_DLFCN_H 1
#define LT_OBJDIR ".libs/"
#define restrict __restrict
#define HAVE_MACRO_VA_ARGS 1
#define HAVE_GCC_ATTRIBUTE 1
#define HAVE__FUNC__ /**/
#define HAVE__FUNCTION__ /**/
#define OPENCL_HEADER_CL_CL 1
#define ENABLE_TIMER 1

configure: exit 0

## ---------------------- ##
## Running config.status. ##
## ---------------------- ##

This file was extended by opencl-apps config.status 0, which was
generated by GNU Autoconf 2.63.  Invocation command line was

  CONFIG_FILES    = 
  CONFIG_HEADERS  = 
  CONFIG_LINKS    = 
  CONFIG_COMMANDS = 
  $ ./config.status Makefile depfiles

on sdonof

config.status:1083: creating Makefile
config.status:1350: executing depfiles commands

## ---------------------- ##
## Running config.status. ##
## ---------------------- ##

This file was extended by opencl-apps config.status 0, which was
generated by GNU Autoconf 2.63.  Invocation command line was

  CONFIG_FILES    = 
  CONFIG_HEADERS  = 
  CONFIG_LINKS    = 
  CONFIG_COMMANDS = 
  $ ./config.status Makefile depfiles

on sdonof

config.status:1083: creating Makefile
config.status:1350: executing depfiles commands

## ---------------------- ##
## Running config.status. ##
## ---------------------- ##

This file was extended by opencl-apps config.status 0, which was
generated by GNU Autoconf 2.63.  Invocation command line was

  CONFIG_FILES    = 
  CONFIG_HEADERS  = 
  CONFIG_LINKS    = 
  CONFIG_COMMANDS = 
  $ ./config.status Makefile depfiles

on sdonof

config.status:1083: creating Makefile
config.status:1350: executing depfiles commands

## ---------------------- ##
## Running config.status. ##
## ---------------------- ##

This file was extended by opencl-apps config.status 0, which was
generated by GNU Autoconf 2.63.  Invocation command line was

  CONFIG_FILES    = 
  CONFIG_HEADERS  = 
  CONFIG_LINKS    = 
  CONFIG_COMMANDS = 
  $ ./config.status Makefile depfiles

on sdonof

config.status:1083: creating Makefile
config.status:1350: executing depfiles commands

## ---------------------- ##
## Running config.status. ##
## ---------------------- ##

This file was extended by opencl-apps config.status 0, which was
generated by GNU Autoconf 2.63.  Invocation command line was

  CONFIG_FILES    = 
  CONFIG_HEADERS  = 
  CONFIG_LINKS    = 
  CONFIG_COMMANDS = 
  $ ./config.status Makefile depfiles

on sdonof

config.status:1083: creating Makefile
config.status:1350: executing depfiles commands

## ---------------------- ##
## Running config.status. ##
## ---------------------- ##

This file was extended by opencl-apps config.status 0, which was
generated by GNU Autoconf 2.63.  Invocation command line was

  CONFIG_FILES    = 
  CONFIG_HEADERS  = 
  CONFIG_LINKS    = 
  CONFIG_COMMANDS = 
  $ ./config.status Makefile depfiles

on sdonof

config.status:1083: creating Makefile
config.status:1350: executing depfiles commands
