
## ---------------------- ##
## Running config.status. ##
## ---------------------- ##

This file was extended by opencl-apps config.status 0, which was
generated by GNU Autoconf 2.63.  Invocation command line was

  CONFIG_FILES    = 
  CONFIG_HEADERS  = 
  CONFIG_LINKS    = 
  CONFIG_COMMANDS = 
  $ ./config.status 

on sdonof

config.status:1088: creating Makefile
config.status:1088: creating config.h
config.status:1303: config.h is unchanged
config.status:1355: executing depfiles commands
config.status:1355: executing libtool commands

## ---------------------- ##
## Running config.status. ##
## ---------------------- ##

This file was extended by opencl-apps config.status 0, which was
generated by GNU Autoconf 2.63.  Invocation command line was

  CONFIG_FILES    = 
  CONFIG_HEADERS  = 
  CONFIG_LINKS    = 
  CONFIG_COMMANDS = 
  $ ./config.status 

on sdonof

config.status:1088: creating Makefile
config.status:1088: creating config.h
config.status:1303: config.h is unchanged
config.status:1355: executing depfiles commands
config.status:1355: executing libtool commands
